{"/home/murilo/Documentos/checkbox-three/checkbox-tree/src/App.vue": {"path":"/home/murilo/Documentos/checkbox-three/checkbox-tree/src/App.vue","statementMap":{"0":{"start":{"line":9,"column":0},"end":{"line":9,"column":null}},"1":{"start":{"line":10,"column":0},"end":{"line":10,"column":null}},"2":{"start":{"line":11,"column":0},"end":{"line":11,"column":null}},"3":{"start":{"line":17,"column":0},"end":{"line":17,"column":null}},"4":{"start":{"line":27,"column":0},"end":{"line":27,"column":null}}},"fnMap":{"0":{"name":"(anonymous_2)","decl":{"start":{"line":16,"column":0},"end":{"line":16,"column":null}},"loc":{"start":{"line":16,"column":0},"end":{"line":18,"column":null}}},"1":{"name":"(anonymous_3)","decl":{"start":{"line":26,"column":0},"end":{"line":26,"column":null}},"loc":{"start":{"line":26,"column":0},"end":{"line":28,"column":null}}}},"branchMap":{},"s":{"0":0,"1":0,"2":0,"3":0,"4":0},"f":{"0":0,"1":0},"b":{}}
,"/home/murilo/Documentos/checkbox-three/checkbox-tree/src/main.js": {"path":"/home/murilo/Documentos/checkbox-three/checkbox-tree/src/main.js","statementMap":{"0":{"start":{"line":9,"column":0},"end":{"line":9,"column":37}},"1":{"start":{"line":11,"column":0},"end":{"line":11,"column":32}},"2":{"start":{"line":13,"column":0},"end":{"line":16,"column":17}},"3":{"start":{"line":15,"column":15},"end":{"line":15,"column":21}}},"fnMap":{"0":{"name":"(anonymous_0)","decl":{"start":{"line":15,"column":10},"end":{"line":15,"column":11}},"loc":{"start":{"line":15,"column":15},"end":{"line":15,"column":21}},"line":15}},"branchMap":{},"s":{"0":0,"1":0,"2":0,"3":0},"f":{"0":0},"b":{}}
,"/home/murilo/Documentos/checkbox-three/checkbox-tree/src/components/atoms/Checkbox.vue": {"path":"/home/murilo/Documentos/checkbox-three/checkbox-tree/src/components/atoms/Checkbox.vue","statementMap":{"0":{"start":{"line":16,"column":0},"end":{"line":16,"column":null}},"1":{"start":{"line":33,"column":0},"end":{"line":33,"column":null}},"2":{"start":{"line":40,"column":0},"end":{"line":48,"column":null}},"3":{"start":{"line":41,"column":0},"end":{"line":41,"column":null}},"4":{"start":{"line":42,"column":0},"end":{"line":47,"column":null}},"5":{"start":{"line":43,"column":0},"end":{"line":43,"column":null}},"6":{"start":{"line":45,"column":0},"end":{"line":45,"column":null}},"7":{"start":{"line":46,"column":0},"end":{"line":46,"column":null}},"8":{"start":{"line":51,"column":0},"end":{"line":51,"column":null}},"9":{"start":{"line":52,"column":0},"end":{"line":57,"column":null}},"10":{"start":{"line":53,"column":0},"end":{"line":53,"column":null}},"11":{"start":{"line":54,"column":0},"end":{"line":56,"column":null}},"12":{"start":{"line":55,"column":0},"end":{"line":55,"column":null}},"13":{"start":{"line":64,"column":0},"end":{"line":64,"column":null}},"14":{"start":{"line":67,"column":0},"end":{"line":67,"column":null}}},"fnMap":{"0":{"name":"(anonymous_1)","decl":{"start":{"line":32,"column":0},"end":{"line":32,"column":null}},"loc":{"start":{"line":32,"column":0},"end":{"line":36,"column":null}}},"1":{"name":"(anonymous_2)","decl":{"start":{"line":39,"column":0},"end":{"line":39,"column":null}},"loc":{"start":{"line":39,"column":0},"end":{"line":49,"column":null}}},"2":{"name":"(anonymous_3)","decl":{"start":{"line":50,"column":0},"end":{"line":50,"column":null}},"loc":{"start":{"line":50,"column":0},"end":{"line":58,"column":null}}},"3":{"name":"(anonymous_4)","decl":{"start":{"line":63,"column":0},"end":{"line":63,"column":null}},"loc":{"start":{"line":63,"column":0},"end":{"line":65,"column":null}}},"4":{"name":"(anonymous_5)","decl":{"start":{"line":66,"column":0},"end":{"line":66,"column":null}},"loc":{"start":{"line":66,"column":0},"end":{"line":68,"column":null}}}},"branchMap":{"0":{"loc":{"start":{"line":40,"column":0},"end":{"line":48,"column":null}},"type":"if","locations":[{"start":{"line":40,"column":0},"end":{"line":48,"column":null}},{"start":{"line":40,"column":0},"end":{"line":48,"column":null}}]},"1":{"loc":{"start":{"line":42,"column":0},"end":{"line":47,"column":null}},"type":"if","locations":[{"start":{"line":42,"column":0},"end":{"line":47,"column":null}},{"start":{"line":42,"column":0},"end":{"line":47,"column":null}}]},"2":{"loc":{"start":{"line":54,"column":0},"end":{"line":56,"column":null}},"type":"if","locations":[{"start":{"line":54,"column":0},"end":{"line":56,"column":null}},{"start":{"line":54,"column":0},"end":{"line":56,"column":null}}]}},"s":{"0":1,"1":1,"2":1,"3":1,"4":0,"5":0,"6":0,"7":0,"8":1,"9":1,"10":1,"11":1,"12":0,"13":1,"14":1},"f":{"0":1,"1":1,"2":1,"3":1,"4":1},"b":{"0":[1,0],"1":[0,0],"2":[0,0]}}
,"/home/murilo/Documentos/checkbox-three/checkbox-tree/src/components/atoms/ShowHide.vue": {"path":"/home/murilo/Documentos/checkbox-three/checkbox-tree/src/components/atoms/ShowHide.vue","statementMap":{"0":{"start":{"line":17,"column":0},"end":{"line":17,"column":null}},"1":{"start":{"line":23,"column":0},"end":{"line":26,"column":null}},"2":{"start":{"line":24,"column":0},"end":{"line":24,"column":null}},"3":{"start":{"line":25,"column":0},"end":{"line":25,"column":null}}},"fnMap":{"0":{"name":"(anonymous_1)","decl":{"start":{"line":16,"column":0},"end":{"line":16,"column":null}},"loc":{"start":{"line":16,"column":0},"end":{"line":20,"column":null}}},"1":{"name":"(anonymous_2)","decl":{"start":{"line":22,"column":0},"end":{"line":22,"column":null}},"loc":{"start":{"line":22,"column":0},"end":{"line":27,"column":null}}}},"branchMap":{"0":{"loc":{"start":{"line":23,"column":0},"end":{"line":26,"column":null}},"type":"if","locations":[{"start":{"line":23,"column":0},"end":{"line":26,"column":null}},{"start":{"line":23,"column":0},"end":{"line":26,"column":null}}]}},"s":{"0":0,"1":0,"2":0,"3":0},"f":{"0":0,"1":0},"b":{"0":[0,0]}}
,"/home/murilo/Documentos/checkbox-three/checkbox-tree/src/components/molecules/TableBody.vue": {"path":"/home/murilo/Documentos/checkbox-three/checkbox-tree/src/components/molecules/TableBody.vue","statementMap":{"0":{"start":{"line":20,"column":0},"end":{"line":20,"column":null}},"1":{"start":{"line":21,"column":0},"end":{"line":21,"column":null}},"2":{"start":{"line":31,"column":0},"end":{"line":31,"column":null}}},"fnMap":{"0":{"name":"(anonymous_2)","decl":{"start":{"line":30,"column":0},"end":{"line":30,"column":null}},"loc":{"start":{"line":30,"column":0},"end":{"line":34,"column":null}}}},"branchMap":{},"s":{"0":0,"1":0,"2":0},"f":{"0":0},"b":{}}
,"/home/murilo/Documentos/checkbox-three/checkbox-tree/src/components/organisms/DataTable.vue": {"path":"/home/murilo/Documentos/checkbox-three/checkbox-tree/src/components/organisms/DataTable.vue","statementMap":{"0":{"start":{"line":10,"column":0},"end":{"line":10,"column":null}}},"fnMap":{},"branchMap":{},"s":{"0":0},"f":{},"b":{}}
,"/home/murilo/Documentos/checkbox-three/checkbox-tree/src/store/index.js": {"path":"/home/murilo/Documentos/checkbox-three/checkbox-tree/src/store/index.js","statementMap":{"0":{"start":{"line":5,"column":0},"end":{"line":5,"column":13}}},"fnMap":{},"branchMap":{},"s":{"0":0},"f":{},"b":{}}
,"/home/murilo/Documentos/checkbox-three/checkbox-tree/src/store/types.js": {"path":"/home/murilo/Documentos/checkbox-three/checkbox-tree/src/store/types.js","statementMap":{"0":{"start":{"line":1,"column":33},"end":{"line":1,"column":52}},"1":{"start":{"line":2,"column":34},"end":{"line":2,"column":54}},"2":{"start":{"line":4,"column":36},"end":{"line":4,"column":58}},"3":{"start":{"line":5,"column":40},"end":{"line":5,"column":66}}},"fnMap":{},"branchMap":{},"s":{"0":1,"1":1,"2":1,"3":1},"f":{},"b":{},"_coverageSchema":"1a1c01bbd47fc00a2c39e90264f33305004495a9","hash":"5789859df89107a045acf74bf9eb57e540658d2b"}
,"/home/murilo/Documentos/checkbox-three/checkbox-tree/src/store/modules/namesSelection.js": {"path":"/home/murilo/Documentos/checkbox-three/checkbox-tree/src/store/modules/namesSelection.js","statementMap":{"0":{"start":{"line":9,"column":14},"end":{"line":11,"column":1}},"1":{"start":{"line":12,"column":18},"end":{"line":28,"column":1}},"2":{"start":{"line":15,"column":4},"end":{"line":15,"column":28}},"3":{"start":{"line":19,"column":4},"end":{"line":19,"column":65}},"4":{"start":{"line":23,"column":4},"end":{"line":23,"column":88}},"5":{"start":{"line":23,"column":61},"end":{"line":23,"column":86}},"6":{"start":{"line":26,"column":4},"end":{"line":26,"column":28}},"7":{"start":{"line":29,"column":16},"end":{"line":34,"column":1}},"8":{"start":{"line":32,"column":4},"end":{"line":32,"column":30}},"9":{"start":{"line":36,"column":16},"end":{"line":52,"column":1}},"10":{"start":{"line":39,"column":4},"end":{"line":39,"column":33}},"11":{"start":{"line":43,"column":4},"end":{"line":43,"column":35}},"12":{"start":{"line":47,"column":4},"end":{"line":47,"column":37}},"13":{"start":{"line":50,"column":4},"end":{"line":50,"column":36}}},"fnMap":{"0":{"name":"(anonymous_0)","decl":{"start":{"line":13,"column":2},"end":{"line":13,"column":3}},"loc":{"start":{"line":14,"column":2},"end":{"line":16,"column":3}},"line":14},"1":{"name":"(anonymous_1)","decl":{"start":{"line":17,"column":2},"end":{"line":17,"column":3}},"loc":{"start":{"line":18,"column":2},"end":{"line":20,"column":3}},"line":18},"2":{"name":"(anonymous_2)","decl":{"start":{"line":21,"column":2},"end":{"line":21,"column":3}},"loc":{"start":{"line":22,"column":2},"end":{"line":24,"column":3}},"line":22},"3":{"name":"(anonymous_3)","decl":{"start":{"line":23,"column":53},"end":{"line":23,"column":54}},"loc":{"start":{"line":23,"column":61},"end":{"line":23,"column":86}},"line":23},"4":{"name":"(anonymous_4)","decl":{"start":{"line":25,"column":2},"end":{"line":25,"column":3}},"loc":{"start":{"line":25,"column":37},"end":{"line":27,"column":3}},"line":25},"5":{"name":"(anonymous_5)","decl":{"start":{"line":30,"column":17},"end":{"line":30,"column":18}},"loc":{"start":{"line":31,"column":2},"end":{"line":33,"column":3}},"line":31},"6":{"name":"(anonymous_6)","decl":{"start":{"line":37,"column":2},"end":{"line":37,"column":3}},"loc":{"start":{"line":38,"column":2},"end":{"line":40,"column":3}},"line":38},"7":{"name":"(anonymous_7)","decl":{"start":{"line":41,"column":2},"end":{"line":41,"column":3}},"loc":{"start":{"line":42,"column":2},"end":{"line":44,"column":3}},"line":42},"8":{"name":"(anonymous_8)","decl":{"start":{"line":45,"column":2},"end":{"line":45,"column":3}},"loc":{"start":{"line":46,"column":2},"end":{"line":48,"column":3}},"line":46},"9":{"name":"(anonymous_9)","decl":{"start":{"line":49,"column":2},"end":{"line":49,"column":3}},"loc":{"start":{"line":49,"column":38},"end":{"line":51,"column":3}},"line":49}},"branchMap":{},"s":{"0":1,"1":1,"2":0,"3":0,"4":0,"5":0,"6":0,"7":1,"8":1,"9":1,"10":0,"11":0,"12":0,"13":0},"f":{"0":0,"1":0,"2":0,"3":0,"4":0,"5":1,"6":0,"7":0,"8":0,"9":0},"b":{},"_coverageSchema":"1a1c01bbd47fc00a2c39e90264f33305004495a9","hash":"4491e470964032fe4aba79728cf47887087ac1c4"}
,"/home/murilo/Documentos/checkbox-three/checkbox-tree/src/utils/plugins.js": {"path":"/home/murilo/Documentos/checkbox-three/checkbox-tree/src/utils/plugins.js","statementMap":{"0":{"start":{"line":8,"column":0},"end":{"line":8,"column":21}}},"fnMap":{},"branchMap":{},"s":{"0":0},"f":{},"b":{}}
}
